<?xml version="1.0" encoding="UTF-8"?>
<testng-results ignored="0" total="1" passed="1" failed="0" skipped="0">
  <reporter-output>
  </reporter-output>
  <suite started-at="2025-01-02T21:56:27 EET" name="Default suite" finished-at="2025-01-02T21:56:42 EET" duration-ms="15217">
    <groups>
    </groups>
    <test started-at="2025-01-02T21:56:27 EET" name="Default test" finished-at="2025-01-02T21:56:42 EET" duration-ms="15217">
      <class name="myClass">
        <test-method is-config="true" signature="mySetup()[pri:0, instance:myClass@584f54e6]" started-at="2025-01-02T21:56:27 EET" name="mySetup" finished-at="2025-01-02T21:56:38 EET" duration-ms="11672" status="PASS">
          <reporter-output>
          </reporter-output>
        </test-method> <!-- mySetup -->
        <test-method signature="Radio_Button_Example()[pri:1, instance:myClass@584f54e6]" started-at="2025-01-02T21:56:38 EET" name="Radio_Button_Example" description="Radio button" finished-at="2025-01-02T21:56:42 EET" duration-ms="3490" status="PASS">
          <reporter-output>
          </reporter-output>
        </test-method> <!-- Radio_Button_Example -->
      </class> <!-- myClass -->
    </test> <!-- Default test -->
  </suite> <!-- Default suite -->
</testng-results>
